<?xml version="1.0" encoding="UTF-8"?>
<testsuite xmlns:xsi="http://www.w3.org/2001/XMLSchema-instance" xsi:noNamespaceSchemaLocation="https://maven.apache.org/surefire/maven-surefire-plugin/xsd/surefire-test-report.xsd" name="io.swagger.api.ApplySpecialApiControllerTest" time="29.819" tests="4" errors="0" skipped="0" failures="1">
  <properties>
    <property name="gopherProxySet" value="false"/>
    <property name="awt.toolkit" value="sun.lwawt.macosx.LWCToolkit"/>
    <property name="file.encoding.pkg" value="sun.io"/>
    <property name="java.specification.version" value="1.8"/>
    <property name="sun.cpu.isalist" value=""/>
    <property name="sun.jnu.encoding" value="UTF-8"/>
    <property name="java.class.path" value="/Users/yejeelee/Desktop/cs5500/pizza-paradise/target/test-classes:/Users/yejeelee/Desktop/cs5500/pizza-paradise/target/classes:/Users/yejeelee/.m2/repository/org/springframework/boot/spring-boot-starter-web/2.1.9.RELEASE/spring-boot-starter-web-2.1.9.RELEASE.jar:/Users/yejeelee/.m2/repository/org/springframework/boot/spring-boot-starter/2.1.9.RELEASE/spring-boot-starter-2.1.9.RELEASE.jar:/Users/yejeelee/.m2/repository/org/springframework/boot/spring-boot/2.1.9.RELEASE/spring-boot-2.1.9.RELEASE.jar:/Users/yejeelee/.m2/repository/org/springframework/boot/spring-boot-autoconfigure/2.1.9.RELEASE/spring-boot-autoconfigure-2.1.9.RELEASE.jar:/Users/yejeelee/.m2/repository/org/springframework/boot/spring-boot-starter-logging/2.1.9.RELEASE/spring-boot-starter-logging-2.1.9.RELEASE.jar:/Users/yejeelee/.m2/repository/ch/qos/logback/logback-classic/1.2.3/logback-classic-1.2.3.jar:/Users/yejeelee/.m2/repository/ch/qos/logback/logback-core/1.2.3/logback-core-1.2.3.jar:/Users/yejeelee/.m2/repository/org/apache/logging/log4j/log4j-to-slf4j/2.11.2/log4j-to-slf4j-2.11.2.jar:/Users/yejeelee/.m2/repository/org/apache/logging/log4j/log4j-api/2.11.2/log4j-api-2.11.2.jar:/Users/yejeelee/.m2/repository/org/slf4j/jul-to-slf4j/1.7.28/jul-to-slf4j-1.7.28.jar:/Users/yejeelee/.m2/repository/javax/annotation/javax.annotation-api/1.3.2/javax.annotation-api-1.3.2.jar:/Users/yejeelee/.m2/repository/org/yaml/snakeyaml/1.23/snakeyaml-1.23.jar:/Users/yejeelee/.m2/repository/org/springframework/boot/spring-boot-starter-json/2.1.9.RELEASE/spring-boot-starter-json-2.1.9.RELEASE.jar:/Users/yejeelee/.m2/repository/com/fasterxml/jackson/datatype/jackson-datatype-jdk8/2.9.9/jackson-datatype-jdk8-2.9.9.jar:/Users/yejeelee/.m2/repository/com/fasterxml/jackson/datatype/jackson-datatype-jsr310/2.9.9/jackson-datatype-jsr310-2.9.9.jar:/Users/yejeelee/.m2/repository/com/fasterxml/jackson/module/jackson-module-parameter-names/2.9.9/jackson-module-parameter-names-2.9.9.jar:/Users/yejeelee/.m2/repository/org/springframework/boot/spring-boot-starter-tomcat/2.1.9.RELEASE/spring-boot-starter-tomcat-2.1.9.RELEASE.jar:/Users/yejeelee/.m2/repository/org/apache/tomcat/embed/tomcat-embed-core/9.0.26/tomcat-embed-core-9.0.26.jar:/Users/yejeelee/.m2/repository/org/apache/tomcat/embed/tomcat-embed-el/9.0.26/tomcat-embed-el-9.0.26.jar:/Users/yejeelee/.m2/repository/org/apache/tomcat/embed/tomcat-embed-websocket/9.0.26/tomcat-embed-websocket-9.0.26.jar:/Users/yejeelee/.m2/repository/org/hibernate/validator/hibernate-validator/6.0.17.Final/hibernate-validator-6.0.17.Final.jar:/Users/yejeelee/.m2/repository/org/jboss/logging/jboss-logging/3.3.3.Final/jboss-logging-3.3.3.Final.jar:/Users/yejeelee/.m2/repository/org/springframework/spring-web/5.1.10.RELEASE/spring-web-5.1.10.RELEASE.jar:/Users/yejeelee/.m2/repository/org/springframework/spring-beans/5.1.10.RELEASE/spring-beans-5.1.10.RELEASE.jar:/Users/yejeelee/.m2/repository/org/springframework/spring-webmvc/5.1.10.RELEASE/spring-webmvc-5.1.10.RELEASE.jar:/Users/yejeelee/.m2/repository/org/springframework/spring-aop/5.1.10.RELEASE/spring-aop-5.1.10.RELEASE.jar:/Users/yejeelee/.m2/repository/org/springframework/spring-context/5.1.10.RELEASE/spring-context-5.1.10.RELEASE.jar:/Users/yejeelee/.m2/repository/org/springframework/spring-expression/5.1.10.RELEASE/spring-expression-5.1.10.RELEASE.jar:/Users/yejeelee/.m2/repository/org/springframework/boot/spring-boot-starter-data-mongodb/2.1.9.RELEASE/spring-boot-starter-data-mongodb-2.1.9.RELEASE.jar:/Users/yejeelee/.m2/repository/org/mongodb/mongodb-driver/3.8.2/mongodb-driver-3.8.2.jar:/Users/yejeelee/.m2/repository/org/mongodb/bson/3.8.2/bson-3.8.2.jar:/Users/yejeelee/.m2/repository/org/mongodb/mongodb-driver-core/3.8.2/mongodb-driver-core-3.8.2.jar:/Users/yejeelee/.m2/repository/org/springframework/data/spring-data-mongodb/2.1.11.RELEASE/spring-data-mongodb-2.1.11.RELEASE.jar:/Users/yejeelee/.m2/repository/org/springframework/spring-tx/5.1.10.RELEASE/spring-tx-5.1.10.RELEASE.jar:/Users/yejeelee/.m2/repository/org/springframework/data/spring-data-commons/2.1.11.RELEASE/spring-data-commons-2.1.11.RELEASE.jar:/Users/yejeelee/.m2/repository/io/springfox/springfox-swagger2/2.6.1/springfox-swagger2-2.6.1.jar:/Users/yejeelee/.m2/repository/io/swagger/swagger-annotations/1.5.10/swagger-annotations-1.5.10.jar:/Users/yejeelee/.m2/repository/io/swagger/swagger-models/1.5.10/swagger-models-1.5.10.jar:/Users/yejeelee/.m2/repository/com/fasterxml/jackson/core/jackson-annotations/2.9.0/jackson-annotations-2.9.0.jar:/Users/yejeelee/.m2/repository/io/springfox/springfox-spi/2.6.1/springfox-spi-2.6.1.jar:/Users/yejeelee/.m2/repository/io/springfox/springfox-core/2.6.1/springfox-core-2.6.1.jar:/Users/yejeelee/.m2/repository/io/springfox/springfox-schema/2.6.1/springfox-schema-2.6.1.jar:/Users/yejeelee/.m2/repository/io/springfox/springfox-swagger-common/2.6.1/springfox-swagger-common-2.6.1.jar:/Users/yejeelee/.m2/repository/io/springfox/springfox-spring-web/2.6.1/springfox-spring-web-2.6.1.jar:/Users/yejeelee/.m2/repository/com/google/guava/guava/18.0/guava-18.0.jar:/Users/yejeelee/.m2/repository/com/fasterxml/classmate/1.4.0/classmate-1.4.0.jar:/Users/yejeelee/.m2/repository/org/slf4j/slf4j-api/1.7.28/slf4j-api-1.7.28.jar:/Users/yejeelee/.m2/repository/org/springframework/plugin/spring-plugin-core/1.2.0.RELEASE/spring-plugin-core-1.2.0.RELEASE.jar:/Users/yejeelee/.m2/repository/org/springframework/plugin/spring-plugin-metadata/1.2.0.RELEASE/spring-plugin-metadata-1.2.0.RELEASE.jar:/Users/yejeelee/.m2/repository/org/mapstruct/mapstruct/1.0.0.Final/mapstruct-1.0.0.Final.jar:/Users/yejeelee/.m2/repository/io/springfox/springfox-swagger-ui/2.6.1/springfox-swagger-ui-2.6.1.jar:/Users/yejeelee/.m2/repository/com/github/joschi/jackson/jackson-datatype-threetenbp/2.6.4/jackson-datatype-threetenbp-2.6.4.jar:/Users/yejeelee/.m2/repository/org/threeten/threetenbp/1.3.1/threetenbp-1.3.1.jar:/Users/yejeelee/.m2/repository/com/fasterxml/jackson/core/jackson-core/2.9.9/jackson-core-2.9.9.jar:/Users/yejeelee/.m2/repository/com/fasterxml/jackson/core/jackson-databind/2.9.9.3/jackson-databind-2.9.9.3.jar:/Users/yejeelee/.m2/repository/junit/junit/4.12/junit-4.12.jar:/Users/yejeelee/.m2/repository/org/hamcrest/hamcrest-core/1.3/hamcrest-core-1.3.jar:/Users/yejeelee/.m2/repository/org/hamcrest/hamcrest-all/1.3/hamcrest-all-1.3.jar:/Users/yejeelee/.m2/repository/com/google/code/gson/gson/2.6.2/gson-2.6.2.jar:/Users/yejeelee/.m2/repository/com/jayway/restassured/rest-assured/2.9.0/rest-assured-2.9.0.jar:/Users/yejeelee/.m2/repository/org/codehaus/groovy/groovy/2.5.8/groovy-2.5.8.jar:/Users/yejeelee/.m2/repository/org/codehaus/groovy/groovy-xml/2.5.8/groovy-xml-2.5.8.jar:/Users/yejeelee/.m2/repository/org/apache/httpcomponents/httpclient/4.5.10/httpclient-4.5.10.jar:/Users/yejeelee/.m2/repository/org/apache/httpcomponents/httpcore/4.4.12/httpcore-4.4.12.jar:/Users/yejeelee/.m2/repository/commons-codec/commons-codec/1.11/commons-codec-1.11.jar:/Users/yejeelee/.m2/repository/org/apache/httpcomponents/httpmime/4.5.10/httpmime-4.5.10.jar:/Users/yejeelee/.m2/repository/org/hamcrest/hamcrest-library/1.3/hamcrest-library-1.3.jar:/Users/yejeelee/.m2/repository/org/ccil/cowan/tagsoup/tagsoup/1.2.1/tagsoup-1.2.1.jar:/Users/yejeelee/.m2/repository/com/jayway/restassured/json-path/2.9.0/json-path-2.9.0.jar:/Users/yejeelee/.m2/repository/org/codehaus/groovy/groovy-json/2.5.8/groovy-json-2.5.8.jar:/Users/yejeelee/.m2/repository/com/jayway/restassured/rest-assured-common/2.9.0/rest-assured-common-2.9.0.jar:/Users/yejeelee/.m2/repository/com/jayway/restassured/xml-path/2.9.0/xml-path-2.9.0.jar:/Users/yejeelee/.m2/repository/org/apache/commons/commons-lang3/3.8.1/commons-lang3-3.8.1.jar:/Users/yejeelee/.m2/repository/javax/validation/validation-api/2.0.1.Final/validation-api-2.0.1.Final.jar:/Users/yejeelee/.m2/repository/org/springframework/boot/spring-boot-starter-test/2.1.9.RELEASE/spring-boot-starter-test-2.1.9.RELEASE.jar:/Users/yejeelee/.m2/repository/org/springframework/boot/spring-boot-test/2.1.9.RELEASE/spring-boot-test-2.1.9.RELEASE.jar:/Users/yejeelee/.m2/repository/org/springframework/boot/spring-boot-test-autoconfigure/2.1.9.RELEASE/spring-boot-test-autoconfigure-2.1.9.RELEASE.jar:/Users/yejeelee/.m2/repository/com/jayway/jsonpath/json-path/2.4.0/json-path-2.4.0.jar:/Users/yejeelee/.m2/repository/net/minidev/json-smart/2.3/json-smart-2.3.jar:/Users/yejeelee/.m2/repository/net/minidev/accessors-smart/1.2/accessors-smart-1.2.jar:/Users/yejeelee/.m2/repository/org/ow2/asm/asm/5.0.4/asm-5.0.4.jar:/Users/yejeelee/.m2/repository/org/assertj/assertj-core/3.11.1/assertj-core-3.11.1.jar:/Users/yejeelee/.m2/repository/org/mockito/mockito-core/2.23.4/mockito-core-2.23.4.jar:/Users/yejeelee/.m2/repository/net/bytebuddy/byte-buddy/1.9.16/byte-buddy-1.9.16.jar:/Users/yejeelee/.m2/repository/net/bytebuddy/byte-buddy-agent/1.9.16/byte-buddy-agent-1.9.16.jar:/Users/yejeelee/.m2/repository/org/objenesis/objenesis/2.6/objenesis-2.6.jar:/Users/yejeelee/.m2/repository/org/skyscreamer/jsonassert/1.5.0/jsonassert-1.5.0.jar:/Users/yejeelee/.m2/repository/com/vaadin/external/google/android-json/0.0.20131108.vaadin1/android-json-0.0.20131108.vaadin1.jar:/Users/yejeelee/.m2/repository/org/springframework/spring-core/5.1.10.RELEASE/spring-core-5.1.10.RELEASE.jar:/Users/yejeelee/.m2/repository/org/springframework/spring-jcl/5.1.10.RELEASE/spring-jcl-5.1.10.RELEASE.jar:/Users/yejeelee/.m2/repository/org/springframework/spring-test/5.1.10.RELEASE/spring-test-5.1.10.RELEASE.jar:/Users/yejeelee/.m2/repository/org/xmlunit/xmlunit-core/2.6.3/xmlunit-core-2.6.3.jar:"/>
    <property name="java.vm.vendor" value="Oracle Corporation"/>
    <property name="sun.arch.data.model" value="64"/>
    <property name="java.vendor.url" value="http://java.oracle.com/"/>
    <property name="user.timezone" value=""/>
    <property name="java.vm.specification.version" value="1.8"/>
    <property name="os.name" value="Mac OS X"/>
    <property name="user.country" value="US"/>
    <property name="sun.java.launcher" value="SUN_STANDARD"/>
    <property name="sun.boot.library.path" value="/Library/Java/JavaVirtualMachines/jdk1.8.0_201.jdk/Contents/Home/jre/lib"/>
    <property name="sun.java.command" value="/Users/yejeelee/Desktop/cs5500/pizza-paradise/target/surefire/surefirebooter763437558604733615.jar /Users/yejeelee/Desktop/cs5500/pizza-paradise/target/surefire 2019-12-06T22-08-15_318-jvmRun1 surefire5554694351906295842tmp surefire_04531587490391936370tmp"/>
    <property name="http.nonProxyHosts" value="local|*.local|169.254/16|*.169.254/16"/>
    <property name="surefire.test.class.path" value="/Users/yejeelee/Desktop/cs5500/pizza-paradise/target/test-classes:/Users/yejeelee/Desktop/cs5500/pizza-paradise/target/classes:/Users/yejeelee/.m2/repository/org/springframework/boot/spring-boot-starter-web/2.1.9.RELEASE/spring-boot-starter-web-2.1.9.RELEASE.jar:/Users/yejeelee/.m2/repository/org/springframework/boot/spring-boot-starter/2.1.9.RELEASE/spring-boot-starter-2.1.9.RELEASE.jar:/Users/yejeelee/.m2/repository/org/springframework/boot/spring-boot/2.1.9.RELEASE/spring-boot-2.1.9.RELEASE.jar:/Users/yejeelee/.m2/repository/org/springframework/boot/spring-boot-autoconfigure/2.1.9.RELEASE/spring-boot-autoconfigure-2.1.9.RELEASE.jar:/Users/yejeelee/.m2/repository/org/springframework/boot/spring-boot-starter-logging/2.1.9.RELEASE/spring-boot-starter-logging-2.1.9.RELEASE.jar:/Users/yejeelee/.m2/repository/ch/qos/logback/logback-classic/1.2.3/logback-classic-1.2.3.jar:/Users/yejeelee/.m2/repository/ch/qos/logback/logback-core/1.2.3/logback-core-1.2.3.jar:/Users/yejeelee/.m2/repository/org/apache/logging/log4j/log4j-to-slf4j/2.11.2/log4j-to-slf4j-2.11.2.jar:/Users/yejeelee/.m2/repository/org/apache/logging/log4j/log4j-api/2.11.2/log4j-api-2.11.2.jar:/Users/yejeelee/.m2/repository/org/slf4j/jul-to-slf4j/1.7.28/jul-to-slf4j-1.7.28.jar:/Users/yejeelee/.m2/repository/javax/annotation/javax.annotation-api/1.3.2/javax.annotation-api-1.3.2.jar:/Users/yejeelee/.m2/repository/org/yaml/snakeyaml/1.23/snakeyaml-1.23.jar:/Users/yejeelee/.m2/repository/org/springframework/boot/spring-boot-starter-json/2.1.9.RELEASE/spring-boot-starter-json-2.1.9.RELEASE.jar:/Users/yejeelee/.m2/repository/com/fasterxml/jackson/datatype/jackson-datatype-jdk8/2.9.9/jackson-datatype-jdk8-2.9.9.jar:/Users/yejeelee/.m2/repository/com/fasterxml/jackson/datatype/jackson-datatype-jsr310/2.9.9/jackson-datatype-jsr310-2.9.9.jar:/Users/yejeelee/.m2/repository/com/fasterxml/jackson/module/jackson-module-parameter-names/2.9.9/jackson-module-parameter-names-2.9.9.jar:/Users/yejeelee/.m2/repository/org/springframework/boot/spring-boot-starter-tomcat/2.1.9.RELEASE/spring-boot-starter-tomcat-2.1.9.RELEASE.jar:/Users/yejeelee/.m2/repository/org/apache/tomcat/embed/tomcat-embed-core/9.0.26/tomcat-embed-core-9.0.26.jar:/Users/yejeelee/.m2/repository/org/apache/tomcat/embed/tomcat-embed-el/9.0.26/tomcat-embed-el-9.0.26.jar:/Users/yejeelee/.m2/repository/org/apache/tomcat/embed/tomcat-embed-websocket/9.0.26/tomcat-embed-websocket-9.0.26.jar:/Users/yejeelee/.m2/repository/org/hibernate/validator/hibernate-validator/6.0.17.Final/hibernate-validator-6.0.17.Final.jar:/Users/yejeelee/.m2/repository/org/jboss/logging/jboss-logging/3.3.3.Final/jboss-logging-3.3.3.Final.jar:/Users/yejeelee/.m2/repository/org/springframework/spring-web/5.1.10.RELEASE/spring-web-5.1.10.RELEASE.jar:/Users/yejeelee/.m2/repository/org/springframework/spring-beans/5.1.10.RELEASE/spring-beans-5.1.10.RELEASE.jar:/Users/yejeelee/.m2/repository/org/springframework/spring-webmvc/5.1.10.RELEASE/spring-webmvc-5.1.10.RELEASE.jar:/Users/yejeelee/.m2/repository/org/springframework/spring-aop/5.1.10.RELEASE/spring-aop-5.1.10.RELEASE.jar:/Users/yejeelee/.m2/repository/org/springframework/spring-context/5.1.10.RELEASE/spring-context-5.1.10.RELEASE.jar:/Users/yejeelee/.m2/repository/org/springframework/spring-expression/5.1.10.RELEASE/spring-expression-5.1.10.RELEASE.jar:/Users/yejeelee/.m2/repository/org/springframework/boot/spring-boot-starter-data-mongodb/2.1.9.RELEASE/spring-boot-starter-data-mongodb-2.1.9.RELEASE.jar:/Users/yejeelee/.m2/repository/org/mongodb/mongodb-driver/3.8.2/mongodb-driver-3.8.2.jar:/Users/yejeelee/.m2/repository/org/mongodb/bson/3.8.2/bson-3.8.2.jar:/Users/yejeelee/.m2/repository/org/mongodb/mongodb-driver-core/3.8.2/mongodb-driver-core-3.8.2.jar:/Users/yejeelee/.m2/repository/org/springframework/data/spring-data-mongodb/2.1.11.RELEASE/spring-data-mongodb-2.1.11.RELEASE.jar:/Users/yejeelee/.m2/repository/org/springframework/spring-tx/5.1.10.RELEASE/spring-tx-5.1.10.RELEASE.jar:/Users/yejeelee/.m2/repository/org/springframework/data/spring-data-commons/2.1.11.RELEASE/spring-data-commons-2.1.11.RELEASE.jar:/Users/yejeelee/.m2/repository/io/springfox/springfox-swagger2/2.6.1/springfox-swagger2-2.6.1.jar:/Users/yejeelee/.m2/repository/io/swagger/swagger-annotations/1.5.10/swagger-annotations-1.5.10.jar:/Users/yejeelee/.m2/repository/io/swagger/swagger-models/1.5.10/swagger-models-1.5.10.jar:/Users/yejeelee/.m2/repository/com/fasterxml/jackson/core/jackson-annotations/2.9.0/jackson-annotations-2.9.0.jar:/Users/yejeelee/.m2/repository/io/springfox/springfox-spi/2.6.1/springfox-spi-2.6.1.jar:/Users/yejeelee/.m2/repository/io/springfox/springfox-core/2.6.1/springfox-core-2.6.1.jar:/Users/yejeelee/.m2/repository/io/springfox/springfox-schema/2.6.1/springfox-schema-2.6.1.jar:/Users/yejeelee/.m2/repository/io/springfox/springfox-swagger-common/2.6.1/springfox-swagger-common-2.6.1.jar:/Users/yejeelee/.m2/repository/io/springfox/springfox-spring-web/2.6.1/springfox-spring-web-2.6.1.jar:/Users/yejeelee/.m2/repository/com/google/guava/guava/18.0/guava-18.0.jar:/Users/yejeelee/.m2/repository/com/fasterxml/classmate/1.4.0/classmate-1.4.0.jar:/Users/yejeelee/.m2/repository/org/slf4j/slf4j-api/1.7.28/slf4j-api-1.7.28.jar:/Users/yejeelee/.m2/repository/org/springframework/plugin/spring-plugin-core/1.2.0.RELEASE/spring-plugin-core-1.2.0.RELEASE.jar:/Users/yejeelee/.m2/repository/org/springframework/plugin/spring-plugin-metadata/1.2.0.RELEASE/spring-plugin-metadata-1.2.0.RELEASE.jar:/Users/yejeelee/.m2/repository/org/mapstruct/mapstruct/1.0.0.Final/mapstruct-1.0.0.Final.jar:/Users/yejeelee/.m2/repository/io/springfox/springfox-swagger-ui/2.6.1/springfox-swagger-ui-2.6.1.jar:/Users/yejeelee/.m2/repository/com/github/joschi/jackson/jackson-datatype-threetenbp/2.6.4/jackson-datatype-threetenbp-2.6.4.jar:/Users/yejeelee/.m2/repository/org/threeten/threetenbp/1.3.1/threetenbp-1.3.1.jar:/Users/yejeelee/.m2/repository/com/fasterxml/jackson/core/jackson-core/2.9.9/jackson-core-2.9.9.jar:/Users/yejeelee/.m2/repository/com/fasterxml/jackson/core/jackson-databind/2.9.9.3/jackson-databind-2.9.9.3.jar:/Users/yejeelee/.m2/repository/junit/junit/4.12/junit-4.12.jar:/Users/yejeelee/.m2/repository/org/hamcrest/hamcrest-core/1.3/hamcrest-core-1.3.jar:/Users/yejeelee/.m2/repository/org/hamcrest/hamcrest-all/1.3/hamcrest-all-1.3.jar:/Users/yejeelee/.m2/repository/com/google/code/gson/gson/2.6.2/gson-2.6.2.jar:/Users/yejeelee/.m2/repository/com/jayway/restassured/rest-assured/2.9.0/rest-assured-2.9.0.jar:/Users/yejeelee/.m2/repository/org/codehaus/groovy/groovy/2.5.8/groovy-2.5.8.jar:/Users/yejeelee/.m2/repository/org/codehaus/groovy/groovy-xml/2.5.8/groovy-xml-2.5.8.jar:/Users/yejeelee/.m2/repository/org/apache/httpcomponents/httpclient/4.5.10/httpclient-4.5.10.jar:/Users/yejeelee/.m2/repository/org/apache/httpcomponents/httpcore/4.4.12/httpcore-4.4.12.jar:/Users/yejeelee/.m2/repository/commons-codec/commons-codec/1.11/commons-codec-1.11.jar:/Users/yejeelee/.m2/repository/org/apache/httpcomponents/httpmime/4.5.10/httpmime-4.5.10.jar:/Users/yejeelee/.m2/repository/org/hamcrest/hamcrest-library/1.3/hamcrest-library-1.3.jar:/Users/yejeelee/.m2/repository/org/ccil/cowan/tagsoup/tagsoup/1.2.1/tagsoup-1.2.1.jar:/Users/yejeelee/.m2/repository/com/jayway/restassured/json-path/2.9.0/json-path-2.9.0.jar:/Users/yejeelee/.m2/repository/org/codehaus/groovy/groovy-json/2.5.8/groovy-json-2.5.8.jar:/Users/yejeelee/.m2/repository/com/jayway/restassured/rest-assured-common/2.9.0/rest-assured-common-2.9.0.jar:/Users/yejeelee/.m2/repository/com/jayway/restassured/xml-path/2.9.0/xml-path-2.9.0.jar:/Users/yejeelee/.m2/repository/org/apache/commons/commons-lang3/3.8.1/commons-lang3-3.8.1.jar:/Users/yejeelee/.m2/repository/javax/validation/validation-api/2.0.1.Final/validation-api-2.0.1.Final.jar:/Users/yejeelee/.m2/repository/org/springframework/boot/spring-boot-starter-test/2.1.9.RELEASE/spring-boot-starter-test-2.1.9.RELEASE.jar:/Users/yejeelee/.m2/repository/org/springframework/boot/spring-boot-test/2.1.9.RELEASE/spring-boot-test-2.1.9.RELEASE.jar:/Users/yejeelee/.m2/repository/org/springframework/boot/spring-boot-test-autoconfigure/2.1.9.RELEASE/spring-boot-test-autoconfigure-2.1.9.RELEASE.jar:/Users/yejeelee/.m2/repository/com/jayway/jsonpath/json-path/2.4.0/json-path-2.4.0.jar:/Users/yejeelee/.m2/repository/net/minidev/json-smart/2.3/json-smart-2.3.jar:/Users/yejeelee/.m2/repository/net/minidev/accessors-smart/1.2/accessors-smart-1.2.jar:/Users/yejeelee/.m2/repository/org/ow2/asm/asm/5.0.4/asm-5.0.4.jar:/Users/yejeelee/.m2/repository/org/assertj/assertj-core/3.11.1/assertj-core-3.11.1.jar:/Users/yejeelee/.m2/repository/org/mockito/mockito-core/2.23.4/mockito-core-2.23.4.jar:/Users/yejeelee/.m2/repository/net/bytebuddy/byte-buddy/1.9.16/byte-buddy-1.9.16.jar:/Users/yejeelee/.m2/repository/net/bytebuddy/byte-buddy-agent/1.9.16/byte-buddy-agent-1.9.16.jar:/Users/yejeelee/.m2/repository/org/objenesis/objenesis/2.6/objenesis-2.6.jar:/Users/yejeelee/.m2/repository/org/skyscreamer/jsonassert/1.5.0/jsonassert-1.5.0.jar:/Users/yejeelee/.m2/repository/com/vaadin/external/google/android-json/0.0.20131108.vaadin1/android-json-0.0.20131108.vaadin1.jar:/Users/yejeelee/.m2/repository/org/springframework/spring-core/5.1.10.RELEASE/spring-core-5.1.10.RELEASE.jar:/Users/yejeelee/.m2/repository/org/springframework/spring-jcl/5.1.10.RELEASE/spring-jcl-5.1.10.RELEASE.jar:/Users/yejeelee/.m2/repository/org/springframework/spring-test/5.1.10.RELEASE/spring-test-5.1.10.RELEASE.jar:/Users/yejeelee/.m2/repository/org/xmlunit/xmlunit-core/2.6.3/xmlunit-core-2.6.3.jar:"/>
    <property name="sun.cpu.endian" value="little"/>
    <property name="user.home" value="/Users/yejeelee"/>
    <property name="user.language" value="en"/>
    <property name="java.specification.vendor" value="Oracle Corporation"/>
    <property name="java.home" value="/Library/Java/JavaVirtualMachines/jdk1.8.0_201.jdk/Contents/Home/jre"/>
    <property name="basedir" value="/Users/yejeelee/Desktop/cs5500/pizza-paradise"/>
    <property name="file.separator" value="/"/>
    <property name="line.separator" value="&#10;"/>
    <property name="java.vm.specification.vendor" value="Oracle Corporation"/>
    <property name="java.specification.name" value="Java Platform API Specification"/>
    <property name="java.awt.graphicsenv" value="sun.awt.CGraphicsEnvironment"/>
    <property name="surefire.real.class.path" value="/Users/yejeelee/Desktop/cs5500/pizza-paradise/target/surefire/surefirebooter763437558604733615.jar:/Users/yejeelee/.m2/repository/org/jacoco/org.jacoco.agent/0.8.2/org.jacoco.agent-0.8.2-runtime.jar"/>
    <property name="sun.boot.class.path" value="/Library/Java/JavaVirtualMachines/jdk1.8.0_201.jdk/Contents/Home/jre/lib/resources.jar:/Library/Java/JavaVirtualMachines/jdk1.8.0_201.jdk/Contents/Home/jre/lib/rt.jar:/Library/Java/JavaVirtualMachines/jdk1.8.0_201.jdk/Contents/Home/jre/lib/sunrsasign.jar:/Library/Java/JavaVirtualMachines/jdk1.8.0_201.jdk/Contents/Home/jre/lib/jsse.jar:/Library/Java/JavaVirtualMachines/jdk1.8.0_201.jdk/Contents/Home/jre/lib/jce.jar:/Library/Java/JavaVirtualMachines/jdk1.8.0_201.jdk/Contents/Home/jre/lib/charsets.jar:/Library/Java/JavaVirtualMachines/jdk1.8.0_201.jdk/Contents/Home/jre/lib/jfr.jar:/Library/Java/JavaVirtualMachines/jdk1.8.0_201.jdk/Contents/Home/jre/classes"/>
    <property name="sun.management.compiler" value="HotSpot 64-Bit Tiered Compilers"/>
    <property name="ftp.nonProxyHosts" value="local|*.local|169.254/16|*.169.254/16"/>
    <property name="java.runtime.version" value="1.8.0_201-b09"/>
    <property name="user.name" value="yejeelee"/>
    <property name="path.separator" value=":"/>
    <property name="os.version" value="10.12.3"/>
    <property name="java.endorsed.dirs" value="/Library/Java/JavaVirtualMachines/jdk1.8.0_201.jdk/Contents/Home/jre/lib/endorsed"/>
    <property name="java.runtime.name" value="Java(TM) SE Runtime Environment"/>
    <property name="file.encoding" value="UTF-8"/>
    <property name="java.vm.name" value="Java HotSpot(TM) 64-Bit Server VM"/>
    <property name="localRepository" value="/Users/yejeelee/.m2/repository"/>
    <property name="java.vendor.url.bug" value="http://bugreport.sun.com/bugreport/"/>
    <property name="java.io.tmpdir" value="/var/folders/x1/x7mvrhys0ps_w5gqdtmwp_n80000gn/T/"/>
    <property name="java.version" value="1.8.0_201"/>
    <property name="user.dir" value="/Users/yejeelee/Desktop/cs5500/pizza-paradise"/>
    <property name="os.arch" value="x86_64"/>
    <property name="java.vm.specification.name" value="Java Virtual Machine Specification"/>
    <property name="java.awt.printerjob" value="sun.lwawt.macosx.CPrinterJob"/>
    <property name="sun.os.patch.level" value="unknown"/>
    <property name="java.library.path" value="/Users/yejeelee/Library/Java/Extensions:/Library/Java/Extensions:/Network/Library/Java/Extensions:/System/Library/Java/Extensions:/usr/lib/java:."/>
    <property name="java.vm.info" value="mixed mode"/>
    <property name="java.vendor" value="Oracle Corporation"/>
    <property name="java.vm.version" value="25.201-b09"/>
    <property name="java.ext.dirs" value="/Users/yejeelee/Library/Java/Extensions:/Library/Java/JavaVirtualMachines/jdk1.8.0_201.jdk/Contents/Home/jre/lib/ext:/Library/Java/Extensions:/Network/Library/Java/Extensions:/System/Library/Java/Extensions:/usr/lib/java"/>
    <property name="sun.io.unicode.encoding" value="UnicodeBig"/>
    <property name="java.class.version" value="52.0"/>
    <property name="socksNonProxyHosts" value="local|*.local|169.254/16|*.169.254/16"/>
  </properties>
  <testcase name="testApplySpecial_Success" classname="io.swagger.api.ApplySpecialApiControllerTest" time="0.407">
    <failure type="junit.framework.AssertionFailedError">junit.framework.AssertionFailedError
	at io.swagger.api.ApplySpecialApiControllerTest.testApplySpecial_Success(ApplySpecialApiControllerTest.java:70)
</failure>
    <system-out><![CDATA[22:08:26.543 [main] DEBUG org.springframework.test.context.junit4.SpringJUnit4ClassRunner - SpringJUnit4ClassRunner constructor called with [class io.swagger.api.ApplySpecialApiControllerTest]
22:08:26.554 [main] DEBUG org.springframework.test.context.BootstrapUtils - Instantiating CacheAwareContextLoaderDelegate from class [org.springframework.test.context.cache.DefaultCacheAwareContextLoaderDelegate]
22:08:26.578 [main] DEBUG org.springframework.test.context.BootstrapUtils - Instantiating BootstrapContext using constructor [public org.springframework.test.context.support.DefaultBootstrapContext(java.lang.Class,org.springframework.test.context.CacheAwareContextLoaderDelegate)]
22:08:26.637 [main] DEBUG org.springframework.test.context.BootstrapUtils - Instantiating TestContextBootstrapper for test class [io.swagger.api.ApplySpecialApiControllerTest] from class [org.springframework.boot.test.context.SpringBootTestContextBootstrapper]
22:08:26.663 [main] INFO org.springframework.boot.test.context.SpringBootTestContextBootstrapper - Neither @ContextConfiguration nor @ContextHierarchy found for test class [io.swagger.api.ApplySpecialApiControllerTest], using SpringBootContextLoader
22:08:26.674 [main] DEBUG org.springframework.test.context.support.AbstractContextLoader - Did not detect default resource location for test class [io.swagger.api.ApplySpecialApiControllerTest]: class path resource [io/swagger/api/ApplySpecialApiControllerTest-context.xml] does not exist
22:08:26.674 [main] DEBUG org.springframework.test.context.support.AbstractContextLoader - Did not detect default resource location for test class [io.swagger.api.ApplySpecialApiControllerTest]: class path resource [io/swagger/api/ApplySpecialApiControllerTestContext.groovy] does not exist
22:08:26.676 [main] INFO org.springframework.test.context.support.AbstractContextLoader - Could not detect default resource locations for test class [io.swagger.api.ApplySpecialApiControllerTest]: no resource found for suffixes {-context.xml, Context.groovy}.
22:08:26.678 [main] INFO org.springframework.test.context.support.AnnotationConfigContextLoaderUtils - Could not detect default configuration classes for test class [io.swagger.api.ApplySpecialApiControllerTest]: ApplySpecialApiControllerTest does not declare any static, non-private, non-final, nested classes annotated with @Configuration.
22:08:27.024 [main] DEBUG org.springframework.context.annotation.ClassPathScanningCandidateComponentProvider - Identified candidate component class: file [/Users/yejeelee/Desktop/cs5500/pizza-paradise/target/classes/io/swagger/PizzaParadiseApplication.class]
22:08:27.029 [main] INFO org.springframework.boot.test.context.SpringBootTestContextBootstrapper - Found @SpringBootConfiguration io.swagger.PizzaParadiseApplication for test class io.swagger.api.ApplySpecialApiControllerTest
22:08:27.246 [main] DEBUG org.springframework.boot.test.context.SpringBootTestContextBootstrapper - @TestExecutionListeners is not present for class [io.swagger.api.ApplySpecialApiControllerTest]: using defaults.
22:08:27.247 [main] INFO org.springframework.boot.test.context.SpringBootTestContextBootstrapper - Loaded default TestExecutionListener class names from location [META-INF/spring.factories]: [org.springframework.boot.test.mock.mockito.MockitoTestExecutionListener, org.springframework.boot.test.mock.mockito.ResetMocksTestExecutionListener, org.springframework.boot.test.autoconfigure.restdocs.RestDocsTestExecutionListener, org.springframework.boot.test.autoconfigure.web.client.MockRestServiceServerResetTestExecutionListener, org.springframework.boot.test.autoconfigure.web.servlet.MockMvcPrintOnlyOnFailureTestExecutionListener, org.springframework.boot.test.autoconfigure.web.servlet.WebDriverTestExecutionListener, org.springframework.test.context.web.ServletTestExecutionListener, org.springframework.test.context.support.DirtiesContextBeforeModesTestExecutionListener, org.springframework.test.context.support.DependencyInjectionTestExecutionListener, org.springframework.test.context.support.DirtiesContextTestExecutionListener, org.springframework.test.context.transaction.TransactionalTestExecutionListener, org.springframework.test.context.jdbc.SqlScriptsTestExecutionListener]
22:08:27.288 [main] INFO org.springframework.boot.test.context.SpringBootTestContextBootstrapper - Using TestExecutionListeners: [org.springframework.test.context.web.ServletTestExecutionListener@76a1146d, org.springframework.test.context.support.DirtiesContextBeforeModesTestExecutionListener@6ef1c3f7, org.springframework.boot.test.mock.mockito.MockitoTestExecutionListener@3386c206, org.springframework.boot.test.autoconfigure.SpringBootDependencyInjectionTestExecutionListener@1322b575, org.springframework.test.context.support.DirtiesContextTestExecutionListener@6dded900, org.springframework.test.context.transaction.TransactionalTestExecutionListener@d504137, org.springframework.test.context.jdbc.SqlScriptsTestExecutionListener@8432469, org.springframework.boot.test.mock.mockito.ResetMocksTestExecutionListener@e4ca109, org.springframework.boot.test.autoconfigure.restdocs.RestDocsTestExecutionListener@15c16f19, org.springframework.boot.test.autoconfigure.web.client.MockRestServiceServerResetTestExecutionListener@1a17dd6f, org.springframework.boot.test.autoconfigure.web.servlet.MockMvcPrintOnlyOnFailureTestExecutionListener@be6d228, org.springframework.boot.test.autoconfigure.web.servlet.WebDriverTestExecutionListener@60c96eb4]
22:08:27.293 [main] DEBUG org.springframework.test.annotation.ProfileValueUtils - Retrieved @ProfileValueSourceConfiguration [null] for test class [io.swagger.api.ApplySpecialApiControllerTest]
22:08:27.295 [main] DEBUG org.springframework.test.annotation.ProfileValueUtils - Retrieved ProfileValueSource type [class org.springframework.test.annotation.SystemProfileValueSource] for class [io.swagger.api.ApplySpecialApiControllerTest]
22:08:27.302 [main] DEBUG org.springframework.test.annotation.ProfileValueUtils - Retrieved @ProfileValueSourceConfiguration [null] for test class [io.swagger.api.ApplySpecialApiControllerTest]
22:08:27.303 [main] DEBUG org.springframework.test.annotation.ProfileValueUtils - Retrieved ProfileValueSource type [class org.springframework.test.annotation.SystemProfileValueSource] for class [io.swagger.api.ApplySpecialApiControllerTest]
22:08:27.305 [main] DEBUG org.springframework.test.annotation.ProfileValueUtils - Retrieved @ProfileValueSourceConfiguration [null] for test class [io.swagger.api.ApplySpecialApiControllerTest]
22:08:27.305 [main] DEBUG org.springframework.test.annotation.ProfileValueUtils - Retrieved ProfileValueSource type [class org.springframework.test.annotation.SystemProfileValueSource] for class [io.swagger.api.ApplySpecialApiControllerTest]
22:08:27.339 [main] DEBUG org.springframework.test.context.support.AbstractDirtiesContextTestExecutionListener - Before test class: context [DefaultTestContext@1bb96449 testClass = ApplySpecialApiControllerTest, testInstance = [null], testMethod = [null], testException = [null], mergedContextConfiguration = [WebMergedContextConfiguration@26ffd2c0 testClass = ApplySpecialApiControllerTest, locations = '{}', classes = '{class io.swagger.PizzaParadiseApplication}', contextInitializerClasses = '[]', activeProfiles = '{test}', propertySourceLocations = '{classpath:/application-test.properties}', propertySourceProperties = '{org.springframework.boot.test.context.SpringBootTestContextBootstrapper=true}', contextCustomizers = set[[ImportsContextCustomizer@d28c214 key = [@org.springframework.boot.autoconfigure.AutoConfigurationPackage(), @org.springframework.test.context.ActiveProfiles(profiles=[], resolver=interface org.springframework.test.context.ActiveProfilesResolver, value=[test], inheritProfiles=true), @org.springframework.boot.test.context.SpringBootTest(webEnvironment=MOCK, value=[], properties=[], classes=[]), @org.springframework.boot.autoconfigure.EnableAutoConfiguration(exclude=[], excludeName=[]), @org.springframework.test.context.TestPropertySource(locations=[], value=[classpath:/application-test.properties], inheritProperties=true, inheritLocations=true, properties=[]), @org.springframework.context.annotation.Import(value=[class org.springframework.boot.autoconfigure.AutoConfigurationImportSelector]), @org.springframework.context.annotation.Import(value=[class org.springframework.boot.autoconfigure.AutoConfigurationPackages$Registrar]), @org.junit.runner.RunWith(value=class org.springframework.test.context.junit4.SpringJUnit4ClassRunner), @org.springframework.test.context.BootstrapWith(value=class org.springframework.boot.test.context.SpringBootTestContextBootstrapper)]], org.springframework.boot.test.context.filter.ExcludeFilterContextCustomizer@5df778c3, org.springframework.boot.test.json.DuplicateJsonObjectContextCustomizerFactory$DuplicateJsonObjectContextCustomizer@e57e5d6, org.springframework.boot.test.mock.mockito.MockitoContextCustomizer@0, org.springframework.boot.test.web.client.TestRestTemplateContextCustomizer@7d44a19, org.springframework.boot.test.autoconfigure.properties.PropertyMappingContextCustomizer@0, org.springframework.boot.test.autoconfigure.web.servlet.WebDriverContextCustomizerFactory$Customizer@272ce069], resourceBasePath = 'src/main/webapp', contextLoader = 'org.springframework.boot.test.context.SpringBootContextLoader', parent = [null]], attributes = map['org.springframework.test.context.web.ServletTestExecutionListener.activateListener' -> true]], class annotated with @DirtiesContext [false] with mode [null].
22:08:27.345 [main] DEBUG org.springframework.test.annotation.ProfileValueUtils - Retrieved @ProfileValueSourceConfiguration [null] for test class [io.swagger.api.ApplySpecialApiControllerTest]
22:08:27.345 [main] DEBUG org.springframework.test.annotation.ProfileValueUtils - Retrieved ProfileValueSource type [class org.springframework.test.annotation.SystemProfileValueSource] for class [io.swagger.api.ApplySpecialApiControllerTest]
22:08:27.419 [main] DEBUG org.springframework.test.context.support.TestPropertySourceUtils - Adding inlined properties to environment: {spring.jmx.enabled=false, org.springframework.boot.test.context.SpringBootTestContextBootstrapper=true, server.port=-1}

  .   ____          _            __ _ _
 /\\ / ___'_ __ _ _(_)_ __  __ _ \ \ \ \
( ( )\___ | '_ | '_| | '_ \/ _` | \ \ \ \
 \\/  ___)| |_)| | | | | || (_| |  ) ) ) )
  '  |____| .__|_| |_|_| |_\__, | / / / /
 =========|_|==============|___/=/_/_/_/
 :: Spring Boot ::        (v2.1.9.RELEASE)

2019-12-06 22:08:43.064  INFO 47556 --- [           main] i.s.api.ApplySpecialApiControllerTest    : Starting ApplySpecialApiControllerTest on Yejees-MacBook-Pro.local with PID 47556 (started by yejeelee in /Users/yejeelee/Desktop/cs5500/pizza-paradise)
2019-12-06 22:08:43.065  INFO 47556 --- [           main] i.s.api.ApplySpecialApiControllerTest    : The following profiles are active: test
2019-12-06 22:08:44.489  INFO 47556 --- [           main] .s.d.r.c.RepositoryConfigurationDelegate : Bootstrapping Spring Data repositories in DEFAULT mode.
2019-12-06 22:08:44.622  INFO 47556 --- [           main] .s.d.r.c.RepositoryConfigurationDelegate : Finished Spring Data repository scanning in 118ms. Found 7 repository interfaces.
2019-12-06 22:08:51.079  INFO 47556 --- [           main] org.mongodb.driver.cluster               : Cluster created with settings {hosts=[localhost:27017], mode=SINGLE, requiredClusterType=UNKNOWN, serverSelectionTimeout='30000 ms', maxWaitQueueSize=500}
2019-12-06 22:08:51.262  INFO 47556 --- [localhost:27017] org.mongodb.driver.connection            : Opened connection [connectionId{localValue:1, serverValue:43}] to localhost:27017
2019-12-06 22:08:51.284  INFO 47556 --- [localhost:27017] org.mongodb.driver.cluster               : Monitor thread successfully connected to server with description ServerDescription{address=localhost:27017, type=STANDALONE, state=CONNECTED, ok=true, version=ServerVersion{versionList=[4, 0, 10]}, minWireVersion=0, maxWireVersion=7, maxDocumentSize=16777216, logicalSessionTimeoutMinutes=30, roundTripTimeNanos=13389800}
2019-12-06 22:08:51.434  WARN 47556 --- [           main] o.s.data.convert.CustomConversions       : Registering converter from class java.time.LocalDateTime to class java.time.Instant as reading converter although it doesn't convert from a store-supported type! You might wanna check you annotation setup at the converter implementation.
2019-12-06 22:08:51.435  WARN 47556 --- [           main] o.s.data.convert.CustomConversions       : Registering converter from class java.time.Instant to class java.time.LocalDateTime as reading converter although it doesn't convert from a store-supported type! You might wanna check you annotation setup at the converter implementation.
2019-12-06 22:08:51.463  WARN 47556 --- [           main] o.s.data.convert.CustomConversions       : Registering converter from class java.time.LocalDateTime to class java.time.Instant as reading converter although it doesn't convert from a store-supported type! You might wanna check you annotation setup at the converter implementation.
2019-12-06 22:08:51.463  WARN 47556 --- [           main] o.s.data.convert.CustomConversions       : Registering converter from class java.time.Instant to class java.time.LocalDateTime as reading converter although it doesn't convert from a store-supported type! You might wanna check you annotation setup at the converter implementation.
2019-12-06 22:08:52.045  INFO 47556 --- [           main] m.c.i.MongoPersistentEntityIndexResolver : Found cycle for field 'name' in type 'Era' for path 'era -> sinceDate -> era'
2019-12-06 22:08:52.046  INFO 47556 --- [           main] m.c.i.MongoPersistentEntityIndexResolver : Found cycle for field 'name' in type 'Era' for path 'era -> sinceDate -> era'
2019-12-06 22:08:52.048  INFO 47556 --- [           main] m.c.i.MongoPersistentEntityIndexResolver : Found cycle for field 'era' in type 'CalendarDate' for path 'sinceDate -> era -> sinceDate'
2019-12-06 22:08:52.053  INFO 47556 --- [           main] m.c.i.MongoPersistentEntityIndexResolver : Found cycle for field 'sinceDate' in type 'Era' for path 'era -> sinceDate -> era'
2019-12-06 22:08:52.058  INFO 47556 --- [           main] m.c.i.MongoPersistentEntityIndexResolver : Found cycle for field 'era' in type 'CalendarDate' for path 'era -> sinceDate -> era'
2019-12-06 22:08:52.059  INFO 47556 --- [           main] m.c.i.MongoPersistentEntityIndexResolver : Found cycle for field 'sinceDate' in type 'Era' for path 'sinceDate -> era -> sinceDate'
2019-12-06 22:08:53.800  INFO 47556 --- [           main] o.s.s.concurrent.ThreadPoolTaskExecutor  : Initializing ExecutorService 'applicationTaskExecutor'
2019-12-06 22:08:54.315  INFO 47556 --- [           main] d.s.w.p.DocumentationPluginsBootstrapper : Context refreshed
2019-12-06 22:08:54.359  INFO 47556 --- [           main] d.s.w.p.DocumentationPluginsBootstrapper : Found 1 custom documentation plugin(s)
2019-12-06 22:08:54.395  INFO 47556 --- [           main] s.d.s.w.s.ApiListingReferenceScanner     : Scanning for api listing references
2019-12-06 22:08:55.179  INFO 47556 --- [           main] i.s.api.ApplySpecialApiControllerTest    : Started ApplySpecialApiControllerTest in 27.739 seconds (JVM running for 34.728)
2019-12-06 22:08:55.250  INFO 47556 --- [           main] org.mongodb.driver.connection            : Opened connection [connectionId{localValue:2, serverValue:44}] to localhost:27017
]]></system-out>
  </testcase>
  <testcase name="testApplySpecial_Failure_InvalidSpecial" classname="io.swagger.api.ApplySpecialApiControllerTest" time="0.014"/>
  <testcase name="testApplySpecial_Failure_SpecialAlreadyApplied" classname="io.swagger.api.ApplySpecialApiControllerTest" time="0.01"/>
  <testcase name="testApplySpecial_Failure_CartNotAtStore" classname="io.swagger.api.ApplySpecialApiControllerTest" time="0.01"/>
</testsuite>